[2018-06-28 19:38:50] local.ERROR: exception 'Symfony\Component\Console\Exception\CommandNotFoundException' with message 'Command "migraterefresh" is not defined.

Did you mean this?
    migrate:refresh' in C:\wamp64\www\Panafri\vendor\symfony\console\Application.php:618
Stack trace:
#0 C:\wamp64\www\Panafri\vendor\symfony\console\Application.php(229): Symfony\Component\Console\Application->find('migraterefresh')
#1 C:\wamp64\www\Panafri\vendor\symfony\console\Application.php(148): Symfony\Component\Console\Application->doRun(Object(Symfony\Component\Console\Input\ArgvInput), Object(Symfony\Component\Console\Output\ConsoleOutput))
#2 C:\wamp64\www\Panafri\vendor\laravel\framework\src\Illuminate\Foundation\Console\Kernel.php(122): Symfony\Component\Console\Application->run(Object(Symfony\Component\Console\Input\ArgvInput), Object(Symfony\Component\Console\Output\ConsoleOutput))
#3 C:\wamp64\www\Panafri\artisan(36): Illuminate\Foundation\Console\Kernel->handle(Object(Symfony\Component\Console\Input\ArgvInput), Object(Symfony\Component\Console\Output\ConsoleOutput))
#4 {main}  
[2018-06-29 15:26:53] local.ERROR: exception 'PDOException' with message 'SQLSTATE[HY000] [1045] Access denied for user 'root'@'localhost' (using password: NO)' in /opt/bitnami/apache2/htdocs/developer/dev/panafri/vendor/laravel/framework/src/Illuminate/Database/Connectors/Connector.php:68
Stack trace:
#0 /opt/bitnami/apache2/htdocs/developer/dev/panafri/vendor/laravel/framework/src/Illuminate/Database/Connectors/Connector.php(68): PDO->__construct('mysql:host=127....', 'root', '', Array)
#1 /opt/bitnami/apache2/htdocs/developer/dev/panafri/vendor/laravel/framework/src/Illuminate/Database/Connectors/Connector.php(45): Illuminate\Database\Connectors\Connector->createPdoConnection('mysql:host=127....', 'root', '', Array)
#2 /opt/bitnami/apache2/htdocs/developer/dev/panafri/vendor/laravel/framework/src/Illuminate/Database/Connectors/MySqlConnector.php(24): Illuminate\Database\Connectors\Connector->createConnection('mysql:host=127....', Array, Array)
#3 /opt/bitnami/apache2/htdocs/developer/dev/panafri/vendor/laravel/framework/src/Illuminate/Database/Connectors/ConnectionFactory.php(183): Illuminate\Database\Connectors\MySqlConnector->connect(Array)
#4 [internal function]: Illuminate\Database\Connectors\ConnectionFactory->Illuminate\Database\Connectors\{closure}()
#5 /opt/bitnami/apache2/htdocs/developer/dev/panafri/vendor/laravel/framework/src/Illuminate/Database/Connection.php(883): call_user_func(Object(Closure))
#6 /opt/bitnami/apache2/htdocs/developer/dev/panafri/vendor/laravel/framework/src/Illuminate/Database/Connection.php(904): Illuminate\Database\Connection->getPdo()
#7 /opt/bitnami/apache2/htdocs/developer/dev/panafri/vendor/laravel/framework/src/Illuminate/Database/Connection.php(392): Illuminate\Database\Connection->getReadPdo()
#8 /opt/bitnami/apache2/htdocs/developer/dev/panafri/vendor/laravel/framework/src/Illuminate/Database/Connection.php(318): Illuminate\Database\Connection->getPdoForSelect(true)
#9 /opt/bitnami/apache2/htdocs/developer/dev/panafri/vendor/laravel/framework/src/Illuminate/Database/Connection.php(640): Illuminate\Database\Connection->Illuminate\Database\{closure}('select * from i...', Array)
#10 /opt/bitnami/apache2/htdocs/developer/dev/panafri/vendor/laravel/framework/src/Illuminate/Database/Connection.php(607): Illuminate\Database\Connection->runQueryCallback('select * from i...', Array, Object(Closure))
#11 /opt/bitnami/apache2/htdocs/developer/dev/panafri/vendor/laravel/framework/src/Illuminate/Database/Connection.php(326): Illuminate\Database\Connection->run('select * from i...', Array, Object(Closure))
#12 /opt/bitnami/apache2/htdocs/developer/dev/panafri/vendor/laravel/framework/src/Illuminate/Database/Schema/MySqlBuilder.php(19): Illuminate\Database\Connection->select('select * from i...', Array)
#13 /opt/bitnami/apache2/htdocs/developer/dev/panafri/vendor/laravel/framework/src/Illuminate/Database/Migrations/DatabaseMigrationRepository.php(154): Illuminate\Database\Schema\MySqlBuilder->hasTable('migrations')
#14 /opt/bitnami/apache2/htdocs/developer/dev/panafri/vendor/laravel/framework/src/Illuminate/Database/Migrations/Migrator.php(544): Illuminate\Database\Migrations\DatabaseMigrationRepository->repositoryExists()
#15 /opt/bitnami/apache2/htdocs/developer/dev/panafri/vendor/laravel/framework/src/Illuminate/Database/Console/Migrations/ResetCommand.php(63): Illuminate\Database\Migrations\Migrator->repositoryExists()
#16 [internal function]: Illuminate\Database\Console\Migrations\ResetCommand->fire()
#17 /opt/bitnami/apache2/htdocs/developer/dev/panafri/vendor/laravel/framework/src/Illuminate/Container/BoundMethod.php(30): call_user_func_array(Array, Array)
#18 /opt/bitnami/apache2/htdocs/developer/dev/panafri/vendor/laravel/framework/src/Illuminate/Container/BoundMethod.php(87): Illuminate\Container\BoundMethod::Illuminate\Container\{closure}()
#19 /opt/bitnami/apache2/htdocs/developer/dev/panafri/vendor/laravel/framework/src/Illuminate/Container/BoundMethod.php(31): Illuminate\Container\BoundMethod::callBoundMethod(Object(Illuminate\Foundation\Application), Array, Object(Closure))
#20 /opt/bitnami/apache2/htdocs/developer/dev/panafri/vendor/laravel/framework/src/Illuminate/Container/Container.php(539): Illuminate\Container\BoundMethod::call(Object(Illuminate\Foundation\Application), Array, Array, NULL)
#21 /opt/bitnami/apache2/htdocs/developer/dev/panafri/vendor/laravel/framework/src/Illuminate/Console/Command.php(182): Illuminate\Container\Container->call(Array)
#22 /opt/bitnami/apache2/htdocs/developer/dev/panafri/vendor/symfony/console/Command/Command.php(252): Illuminate\Console\Command->execute(Object(Symfony\Component\Console\Input\ArrayInput), Object(Illuminate\Console\OutputStyle))
#23 /opt/bitnami/apache2/htdocs/developer/dev/panafri/vendor/laravel/framework/src/Illuminate/Console/Command.php(168): Symfony\Component\Console\Command\Command->run(Object(Symfony\Component\Console\Input\ArrayInput), Object(Illuminate\Console\OutputStyle))
#24 /opt/bitnami/apache2/htdocs/developer/dev/panafri/vendor/laravel/framework/src/Illuminate/Console/Command.php(198): Illuminate\Console\Command->run(Object(Symfony\Component\Console\Input\ArrayInput), Object(Illuminate\Console\OutputStyle))
#25 /opt/bitnami/apache2/htdocs/developer/dev/panafri/vendor/laravel/framework/src/Illuminate/Database/Console/Migrations/RefreshCommand.php(105): Illuminate\Console\Command->call('migrate:reset', Array)
#26 /opt/bitnami/apache2/htdocs/developer/dev/panafri/vendor/laravel/framework/src/Illuminate/Database/Console/Migrations/RefreshCommand.php(55): Illuminate\Database\Console\Migrations\RefreshCommand->runReset(NULL, NULL, false)
#27 [internal function]: Illuminate\Database\Console\Migrations\RefreshCommand->fire()
#28 /opt/bitnami/apache2/htdocs/developer/dev/panafri/vendor/laravel/framework/src/Illuminate/Container/BoundMethod.php(30): call_user_func_array(Array, Array)
#29 /opt/bitnami/apache2/htdocs/developer/dev/panafri/vendor/laravel/framework/src/Illuminate/Container/BoundMethod.php(87): Illuminate\Container\BoundMethod::Illuminate\Container\{closure}()
#30 /opt/bitnami/apache2/htdocs/developer/dev/panafri/vendor/laravel/framework/src/Illuminate/Container/BoundMethod.php(31): Illuminate\Container\BoundMethod::callBoundMethod(Object(Illuminate\Foundation\Application), Array, Object(Closure))
#31 /opt/bitnami/apache2/htdocs/developer/dev/panafri/vendor/laravel/framework/src/Illuminate/Container/Container.php(539): Illuminate\Container\BoundMethod::call(Object(Illuminate\Foundation\Application), Array, Array, NULL)
#32 /opt/bitnami/apache2/htdocs/developer/dev/panafri/vendor/laravel/framework/src/Illuminate/Console/Command.php(182): Illuminate\Container\Container->call(Array)
#33 /opt/bitnami/apache2/htdocs/developer/dev/panafri/vendor/symfony/console/Command/Command.php(252): Illuminate\Console\Command->execute(Object(Symfony\Component\Console\Input\ArgvInput), Object(Illuminate\Console\OutputStyle))
#34 /opt/bitnami/apache2/htdocs/developer/dev/panafri/vendor/laravel/framework/src/Illuminate/Console/Command.php(168): Symfony\Component\Console\Command\Command->run(Object(Symfony\Component\Console\Input\ArgvInput), Object(Illuminate\Console\OutputStyle))
#35 /opt/bitnami/apache2/htdocs/developer/dev/panafri/vendor/symfony/console/Application.php(946): Illuminate\Console\Command->run(Object(Symfony\Component\Console\Input\ArgvInput), Object(Symfony\Component\Console\Output\ConsoleOutput))
#36 /opt/bitnami/apache2/htdocs/developer/dev/panafri/vendor/symfony/console/Application.php(248): Symfony\Component\Console\Application->doRunCommand(Object(Illuminate\Database\Console\Migrations\RefreshCommand), Object(Symfony\Component\Console\Input\ArgvInput), Object(Symfony\Component\Console\Output\ConsoleOutput))
#37 /opt/bitnami/apache2/htdocs/developer/dev/panafri/vendor/symfony/console/Application.php(148): Symfony\Component\Console\Application->doRun(Object(Symfony\Component\Console\Input\ArgvInput), Object(Symfony\Component\Console\Output\ConsoleOutput))
#38 /opt/bitnami/apache2/htdocs/developer/dev/panafri/vendor/laravel/framework/src/Illuminate/Foundation/Console/Kernel.php(122): Symfony\Component\Console\Application->run(Object(Symfony\Component\Console\Input\ArgvInput), Object(Symfony\Component\Console\Output\ConsoleOutput))
#39 /opt/bitnami/apache2/htdocs/developer/dev/panafri/artisan(36): Illuminate\Foundation\Console\Kernel->handle(Object(Symfony\Component\Console\Input\ArgvInput), Object(Symfony\Component\Console\Output\ConsoleOutput))
#40 {main}  
[2018-06-29 15:26:53] local.ERROR: exception 'PDOException' with message 'SQLSTATE[HY000] [1045] Access denied for user 'root'@'localhost' (using password: NO)' in /opt/bitnami/apache2/htdocs/developer/dev/panafri/vendor/laravel/framework/src/Illuminate/Database/Connectors/Connector.php:68
Stack trace:
#0 /opt/bitnami/apache2/htdocs/developer/dev/panafri/vendor/laravel/framework/src/Illuminate/Database/Connectors/Connector.php(68): PDO->__construct('mysql:host=127....', 'root', '', Array)
#1 /opt/bitnami/apache2/htdocs/developer/dev/panafri/vendor/laravel/framework/src/Illuminate/Database/Connectors/Connector.php(45): Illuminate\Database\Connectors\Connector->createPdoConnection('mysql:host=127....', 'root', '', Array)
#2 /opt/bitnami/apache2/htdocs/developer/dev/panafri/vendor/laravel/framework/src/Illuminate/Database/Connectors/MySqlConnector.php(24): Illuminate\Database\Connectors\Connector->createConnection('mysql:host=127....', Array, Array)
#3 /opt/bitnami/apache2/htdocs/developer/dev/panafri/vendor/laravel/framework/src/Illuminate/Database/Connectors/ConnectionFactory.php(183): Illuminate\Database\Connectors\MySqlConnector->connect(Array)
#4 [internal function]: Illuminate\Database\Connectors\ConnectionFactory->Illuminate\Database\Connectors\{closure}()
#5 /opt/bitnami/apache2/htdocs/developer/dev/panafri/vendor/laravel/framework/src/Illuminate/Database/Connection.php(883): call_user_func(Object(Closure))
#6 /opt/bitnami/apache2/htdocs/developer/dev/panafri/vendor/laravel/framework/src/Illuminate/Database/Connection.php(904): Illuminate\Database\Connection->getPdo()
#7 /opt/bitnami/apache2/htdocs/developer/dev/panafri/vendor/laravel/framework/src/Illuminate/Database/Connection.php(392): Illuminate\Database\Connection->getReadPdo()
#8 /opt/bitnami/apache2/htdocs/developer/dev/panafri/vendor/laravel/framework/src/Illuminate/Database/Connection.php(318): Illuminate\Database\Connection->getPdoForSelect(true)
#9 /opt/bitnami/apache2/htdocs/developer/dev/panafri/vendor/laravel/framework/src/Illuminate/Database/Connection.php(640): Illuminate\Database\Connection->Illuminate\Database\{closure}('select * from i...', Array)
#10 /opt/bitnami/apache2/htdocs/developer/dev/panafri/vendor/laravel/framework/src/Illuminate/Database/Connection.php(607): Illuminate\Database\Connection->runQueryCallback('select * from i...', Array, Object(Closure))
#11 /opt/bitnami/apache2/htdocs/developer/dev/panafri/vendor/laravel/framework/src/Illuminate/Database/Connection.php(326): Illuminate\Database\Connection->run('select * from i...', Array, Object(Closure))
#12 /opt/bitnami/apache2/htdocs/developer/dev/panafri/vendor/laravel/framework/src/Illuminate/Database/Schema/MySqlBuilder.php(19): Illuminate\Database\Connection->select('select * from i...', Array)
#13 /opt/bitnami/apache2/htdocs/developer/dev/panafri/vendor/laravel/framework/src/Illuminate/Database/Migrations/DatabaseMigrationRepository.php(154): Illuminate\Database\Schema\MySqlBuilder->hasTable('migrations')
#14 /opt/bitnami/apache2/htdocs/developer/dev/panafri/vendor/laravel/framework/src/Illuminate/Database/Migrations/Migrator.php(544): Illuminate\Database\Migrations\DatabaseMigrationRepository->repositoryExists()
#15 /opt/bitnami/apache2/htdocs/developer/dev/panafri/vendor/laravel/framework/src/Illuminate/Database/Console/Migrations/ResetCommand.php(63): Illuminate\Database\Migrations\Migrator->repositoryExists()
#16 [internal function]: Illuminate\Database\Console\Migrations\ResetCommand->fire()
#17 /opt/bitnami/apache2/htdocs/developer/dev/panafri/vendor/laravel/framework/src/Illuminate/Container/BoundMethod.php(30): call_user_func_array(Array, Array)
#18 /opt/bitnami/apache2/htdocs/developer/dev/panafri/vendor/laravel/framework/src/Illuminate/Container/BoundMethod.php(87): Illuminate\Container\BoundMethod::Illuminate\Container\{closure}()
#19 /opt/bitnami/apache2/htdocs/developer/dev/panafri/vendor/laravel/framework/src/Illuminate/Container/BoundMethod.php(31): Illuminate\Container\BoundMethod::callBoundMethod(Object(Illuminate\Foundation\Application), Array, Object(Closure))
#20 /opt/bitnami/apache2/htdocs/developer/dev/panafri/vendor/laravel/framework/src/Illuminate/Container/Container.php(539): Illuminate\Container\BoundMethod::call(Object(Illuminate\Foundation\Application), Array, Array, NULL)
#21 /opt/bitnami/apache2/htdocs/developer/dev/panafri/vendor/laravel/framework/src/Illuminate/Console/Command.php(182): Illuminate\Container\Container->call(Array)
#22 /opt/bitnami/apache2/htdocs/developer/dev/panafri/vendor/symfony/console/Command/Command.php(252): Illuminate\Console\Command->execute(Object(Symfony\Component\Console\Input\ArrayInput), Object(Illuminate\Console\OutputStyle))
#23 /opt/bitnami/apache2/htdocs/developer/dev/panafri/vendor/laravel/framework/src/Illuminate/Console/Command.php(168): Symfony\Component\Console\Command\Command->run(Object(Symfony\Component\Console\Input\ArrayInput), Object(Illuminate\Console\OutputStyle))
#24 /opt/bitnami/apache2/htdocs/developer/dev/panafri/vendor/laravel/framework/src/Illuminate/Console/Command.php(198): Illuminate\Console\Command->run(Object(Symfony\Component\Console\Input\ArrayInput), Object(Illuminate\Console\OutputStyle))
#25 /opt/bitnami/apache2/htdocs/developer/dev/panafri/vendor/laravel/framework/src/Illuminate/Database/Console/Migrations/RefreshCommand.php(105): Illuminate\Console\Command->call('migrate:reset', Array)
#26 /opt/bitnami/apache2/htdocs/developer/dev/panafri/vendor/laravel/framework/src/Illuminate/Database/Console/Migrations/RefreshCommand.php(55): Illuminate\Database\Console\Migrations\RefreshCommand->runReset(NULL, NULL, false)
#27 [internal function]: Illuminate\Database\Console\Migrations\RefreshCommand->fire()
#28 /opt/bitnami/apache2/htdocs/developer/dev/panafri/vendor/laravel/framework/src/Illuminate/Container/BoundMethod.php(30): call_user_func_array(Array, Array)
#29 /opt/bitnami/apache2/htdocs/developer/dev/panafri/vendor/laravel/framework/src/Illuminate/Container/BoundMethod.php(87): Illuminate\Container\BoundMethod::Illuminate\Container\{closure}()
#30 /opt/bitnami/apache2/htdocs/developer/dev/panafri/vendor/laravel/framework/src/Illuminate/Container/BoundMethod.php(31): Illuminate\Container\BoundMethod::callBoundMethod(Object(Illuminate\Foundation\Application), Array, Object(Closure))
#31 /opt/bitnami/apache2/htdocs/developer/dev/panafri/vendor/laravel/framework/src/Illuminate/Container/Container.php(539): Illuminate\Container\BoundMethod::call(Object(Illuminate\Foundation\Application), Array, Array, NULL)
#32 /opt/bitnami/apache2/htdocs/developer/dev/panafri/vendor/laravel/framework/src/Illuminate/Console/Command.php(182): Illuminate\Container\Container->call(Array)
#33 /opt/bitnami/apache2/htdocs/developer/dev/panafri/vendor/symfony/console/Command/Command.php(252): Illuminate\Console\Command->execute(Object(Symfony\Component\Console\Input\ArgvInput), Object(Illuminate\Console\OutputStyle))
#34 /opt/bitnami/apache2/htdocs/developer/dev/panafri/vendor/laravel/framework/src/Illuminate/Console/Command.php(168): Symfony\Component\Console\Command\Command->run(Object(Symfony\Component\Console\Input\ArgvInput), Object(Illuminate\Console\OutputStyle))
#35 /opt/bitnami/apache2/htdocs/developer/dev/panafri/vendor/symfony/console/Application.php(946): Illuminate\Console\Command->run(Object(Symfony\Component\Console\Input\ArgvInput), Object(Symfony\Component\Console\Output\ConsoleOutput))
#36 /opt/bitnami/apache2/htdocs/developer/dev/panafri/vendor/symfony/console/Application.php(248): Symfony\Component\Console\Application->doRunCommand(Object(Illuminate\Database\Console\Migrations\RefreshCommand), Object(Symfony\Component\Console\Input\ArgvInput), Object(Symfony\Component\Console\Output\ConsoleOutput))
#37 /opt/bitnami/apache2/htdocs/developer/dev/panafri/vendor/symfony/console/Application.php(148): Symfony\Component\Console\Application->doRun(Object(Symfony\Component\Console\Input\ArgvInput), Object(Symfony\Component\Console\Output\ConsoleOutput))
#38 /opt/bitnami/apache2/htdocs/developer/dev/panafri/vendor/laravel/framework/src/Illuminate/Foundation/Console/Kernel.php(122): Symfony\Component\Console\Application->run(Object(Symfony\Component\Console\Input\ArgvInput), Object(Symfony\Component\Console\Output\ConsoleOutput))
#39 /opt/bitnami/apache2/htdocs/developer/dev/panafri/artisan(36): Illuminate\Foundation\Console\Kernel->handle(Object(Symfony\Component\Console\Input\ArgvInput), Object(Symfony\Component\Console\Output\ConsoleOutput))
#40 {main}

Next exception 'Illuminate\Database\QueryException' with message 'SQLSTATE[HY000] [1045] Access denied for user 'root'@'localhost' (using password: NO) (SQL: select * from information_schema.tables where table_schema = panafri and table_name = migrations)' in /opt/bitnami/apache2/htdocs/developer/dev/panafri/vendor/laravel/framework/src/Illuminate/Database/Connection.php:647
Stack trace:
#0 /opt/bitnami/apache2/htdocs/developer/dev/panafri/vendor/laravel/framework/src/Illuminate/Database/Connection.php(607): Illuminate\Database\Connection->runQueryCallback('select * from i...', Array, Object(Closure))
#1 /opt/bitnami/apache2/htdocs/developer/dev/panafri/vendor/laravel/framework/src/Illuminate/Database/Connection.php(326): Illuminate\Database\Connection->run('select * from i...', Array, Object(Closure))
#2 /opt/bitnami/apache2/htdocs/developer/dev/panafri/vendor/laravel/framework/src/Illuminate/Database/Schema/MySqlBuilder.php(19): Illuminate\Database\Connection->select('select * from i...', Array)
#3 /opt/bitnami/apache2/htdocs/developer/dev/panafri/vendor/laravel/framework/src/Illuminate/Database/Migrations/DatabaseMigrationRepository.php(154): Illuminate\Database\Schema\MySqlBuilder->hasTable('migrations')
#4 /opt/bitnami/apache2/htdocs/developer/dev/panafri/vendor/laravel/framework/src/Illuminate/Database/Migrations/Migrator.php(544): Illuminate\Database\Migrations\DatabaseMigrationRepository->repositoryExists()
#5 /opt/bitnami/apache2/htdocs/developer/dev/panafri/vendor/laravel/framework/src/Illuminate/Database/Console/Migrations/ResetCommand.php(63): Illuminate\Database\Migrations\Migrator->repositoryExists()
#6 [internal function]: Illuminate\Database\Console\Migrations\ResetCommand->fire()
#7 /opt/bitnami/apache2/htdocs/developer/dev/panafri/vendor/laravel/framework/src/Illuminate/Container/BoundMethod.php(30): call_user_func_array(Array, Array)
#8 /opt/bitnami/apache2/htdocs/developer/dev/panafri/vendor/laravel/framework/src/Illuminate/Container/BoundMethod.php(87): Illuminate\Container\BoundMethod::Illuminate\Container\{closure}()
#9 /opt/bitnami/apache2/htdocs/developer/dev/panafri/vendor/laravel/framework/src/Illuminate/Container/BoundMethod.php(31): Illuminate\Container\BoundMethod::callBoundMethod(Object(Illuminate\Foundation\Application), Array, Object(Closure))
#10 /opt/bitnami/apache2/htdocs/developer/dev/panafri/vendor/laravel/framework/src/Illuminate/Container/Container.php(539): Illuminate\Container\BoundMethod::call(Object(Illuminate\Foundation\Application), Array, Array, NULL)
#11 /opt/bitnami/apache2/htdocs/developer/dev/panafri/vendor/laravel/framework/src/Illuminate/Console/Command.php(182): Illuminate\Container\Container->call(Array)
#12 /opt/bitnami/apache2/htdocs/developer/dev/panafri/vendor/symfony/console/Command/Command.php(252): Illuminate\Console\Command->execute(Object(Symfony\Component\Console\Input\ArrayInput), Object(Illuminate\Console\OutputStyle))
#13 /opt/bitnami/apache2/htdocs/developer/dev/panafri/vendor/laravel/framework/src/Illuminate/Console/Command.php(168): Symfony\Component\Console\Command\Command->run(Object(Symfony\Component\Console\Input\ArrayInput), Object(Illuminate\Console\OutputStyle))
#14 /opt/bitnami/apache2/htdocs/developer/dev/panafri/vendor/laravel/framework/src/Illuminate/Console/Command.php(198): Illuminate\Console\Command->run(Object(Symfony\Component\Console\Input\ArrayInput), Object(Illuminate\Console\OutputStyle))
#15 /opt/bitnami/apache2/htdocs/developer/dev/panafri/vendor/laravel/framework/src/Illuminate/Database/Console/Migrations/RefreshCommand.php(105): Illuminate\Console\Command->call('migrate:reset', Array)
#16 /opt/bitnami/apache2/htdocs/developer/dev/panafri/vendor/laravel/framework/src/Illuminate/Database/Console/Migrations/RefreshCommand.php(55): Illuminate\Database\Console\Migrations\RefreshCommand->runReset(NULL, NULL, false)
#17 [internal function]: Illuminate\Database\Console\Migrations\RefreshCommand->fire()
#18 /opt/bitnami/apache2/htdocs/developer/dev/panafri/vendor/laravel/framework/src/Illuminate/Container/BoundMethod.php(30): call_user_func_array(Array, Array)
#19 /opt/bitnami/apache2/htdocs/developer/dev/panafri/vendor/laravel/framework/src/Illuminate/Container/BoundMethod.php(87): Illuminate\Container\BoundMethod::Illuminate\Container\{closure}()
#20 /opt/bitnami/apache2/htdocs/developer/dev/panafri/vendor/laravel/framework/src/Illuminate/Container/BoundMethod.php(31): Illuminate\Container\BoundMethod::callBoundMethod(Object(Illuminate\Foundation\Application), Array, Object(Closure))
#21 /opt/bitnami/apache2/htdocs/developer/dev/panafri/vendor/laravel/framework/src/Illuminate/Container/Container.php(539): Illuminate\Container\BoundMethod::call(Object(Illuminate\Foundation\Application), Array, Array, NULL)
#22 /opt/bitnami/apache2/htdocs/developer/dev/panafri/vendor/laravel/framework/src/Illuminate/Console/Command.php(182): Illuminate\Container\Container->call(Array)
#23 /opt/bitnami/apache2/htdocs/developer/dev/panafri/vendor/symfony/console/Command/Command.php(252): Illuminate\Console\Command->execute(Object(Symfony\Component\Console\Input\ArgvInput), Object(Illuminate\Console\OutputStyle))
#24 /opt/bitnami/apache2/htdocs/developer/dev/panafri/vendor/laravel/framework/src/Illuminate/Console/Command.php(168): Symfony\Component\Console\Command\Command->run(Object(Symfony\Component\Console\Input\ArgvInput), Object(Illuminate\Console\OutputStyle))
#25 /opt/bitnami/apache2/htdocs/developer/dev/panafri/vendor/symfony/console/Application.php(946): Illuminate\Console\Command->run(Object(Symfony\Component\Console\Input\ArgvInput), Object(Symfony\Component\Console\Output\ConsoleOutput))
#26 /opt/bitnami/apache2/htdocs/developer/dev/panafri/vendor/symfony/console/Application.php(248): Symfony\Component\Console\Application->doRunCommand(Object(Illuminate\Database\Console\Migrations\RefreshCommand), Object(Symfony\Component\Console\Input\ArgvInput), Object(Symfony\Component\Console\Output\ConsoleOutput))
#27 /opt/bitnami/apache2/htdocs/developer/dev/panafri/vendor/symfony/console/Application.php(148): Symfony\Component\Console\Application->doRun(Object(Symfony\Component\Console\Input\ArgvInput), Object(Symfony\Component\Console\Output\ConsoleOutput))
#28 /opt/bitnami/apache2/htdocs/developer/dev/panafri/vendor/laravel/framework/src/Illuminate/Foundation/Console/Kernel.php(122): Symfony\Component\Console\Application->run(Object(Symfony\Component\Console\Input\ArgvInput), Object(Symfony\Component\Console\Output\ConsoleOutput))
#29 /opt/bitnami/apache2/htdocs/developer/dev/panafri/artisan(36): Illuminate\Foundation\Console\Kernel->handle(Object(Symfony\Component\Console\Input\ArgvInput), Object(Symfony\Component\Console\Output\ConsoleOutput))
#30 {main}  
[2018-06-29 15:29:43] local.ERROR: exception 'Symfony\Component\Debug\Exception\FatalErrorException' with message 'Class 'App\Category' not found' in /opt/bitnami/apache2/htdocs/developer/dev/panafri/app/Http/Controllers/HomeController.php:50
Stack trace:
#0 {main}  
[2018-06-29 15:29:43] local.ERROR: exception 'Symfony\Component\Debug\Exception\FatalErrorException' with message 'Class 'App\Product' not found' in /opt/bitnami/apache2/htdocs/developer/dev/panafri/app/Http/Controllers/HomeController.php:65
Stack trace:
#0 {main}  
